2018-09-14T14:32:18.299Z Directory_Information:Directory_Information:directory_information.js:Directory_Information:debug: received: [object Arguments]
2018-09-14T14:32:18.332Z Directory_Information:Directory_Information:directory_information.js:Directory_Information:debug: readdir_return: |[ '.DS_Store',
  '.git',
  '.gitignore',
  'CNO_SETTINGS.md',
  'ErrorCodes.md',
  'Makefile',
  'OBJECTS',
  'OUTPUT',
  'README.md',
  'a.out',
  'cron.sh',
  'include',
  'scripts',
  'source',
  'test.log' ]
2018-09-14T14:32:18.365Z Directory_Information:Directory_Information:directory_information.js:Directory_Information:debug: Error: EACCES: permission denied, access '/Users/cameron/dev/CNO/.DS_Store'
2018-09-14T14:32:18.426Z Directory_Information:Directory_Information:directory_information.js:Directory_Information:debug: Error: EACCES: permission denied, access '/Users/cameron/dev/CNO/.gitignore'
2018-09-14T14:32:18.442Z Directory_Information:Directory_Information:directory_information.js:Directory_Information:debug: Error: EACCES: permission denied, access '/Users/cameron/dev/CNO/CNO_SETTINGS.md'
2018-09-14T14:32:18.460Z Directory_Information:Directory_Information:directory_information.js:Directory_Information:debug: Error: EACCES: permission denied, access '/Users/cameron/dev/CNO/ErrorCodes.md'
2018-09-14T14:32:18.484Z Directory_Information:Directory_Information:directory_information.js:Directory_Information:debug: Error: EACCES: permission denied, access '/Users/cameron/dev/CNO/Makefile'
2018-09-14T14:32:18.513Z Directory_Information:Directory_Information:directory_information.js:Directory_Information:debug: Error: EACCES: permission denied, access '/Users/cameron/dev/CNO/README.md'
2018-09-14T14:32:18.578Z Directory_Information:Directory_Information:directory_information.js:Directory_Information:debug: Error: EACCES: permission denied, access '/Users/cameron/dev/CNO/test.log'
2018-09-14T14:32:18.596Z Directory_Information:Directory_Information:directory_information.js:Directory_Information:debug: returned: 0,[object Object],[object Object],[object Object],[object Object],[object Object],[object Object],[object Object],[object Object],[object Object],[object Object],[object Object],[object Object],[object Object],[object Object],[object Object]
