2018-08-07T23:37:36.838Z Directory_Information:Directory_Information:directory_information.js:Directory_Information:debug: received: [object Arguments]
2018-08-07T23:37:36.877Z Directory_Information:Directory_Information:directory_information.js:Directory_Information:debug: readdir_return: |[ '.DS_Store',
  '.git',
  '.input.json.swp',
  '.jsfile.json.swp',
  '.jsfunc.json.swp',
  'LICENSE',
  'Resources',
  'function_factory.js',
  'input.json',
  'jsfile.json',
  'jsfunc.json',
  'node',
  'output',
  'source' ]
2018-08-07T23:37:36.882Z Directory_Information:Directory_Information:directory_information.js:Directory_Information:debug: received: [object Arguments]
2018-08-07T23:37:36.892Z Directory_Information:Directory_Information:directory_information.js:Directory_Information:debug: readdir_return: |[ 'COMMIT_EDITMSG',
  'FETCH_HEAD',
  'HEAD',
  'ORIG_HEAD',
  'branches',
  'config',
  'description',
  'hooks',
  'index',
  'info',
  'logs',
  'objects',
  'refs' ]
2018-08-07T23:37:36.917Z Directory_Information:Directory_Information:directory_information.js:Directory_Information:debug: returned: 0,[object Object],[object Object],[object Object],[object Object],[object Object],[object Object],[object Object],[object Object],[object Object],[object Object],[object Object],[object Object],[object Object]
2018-08-07T23:37:36.917Z Directory_Information:Directory_Information:directory_information.js:Directory_Information:debug: received: [object Arguments]
2018-08-07T23:37:36.918Z Directory_Information:Directory_Information:directory_information.js:Directory_Information:debug: readdir_return: |[ 'COMMIT_EDITMSG',
  'FETCH_HEAD',
  'HEAD',
  'ORIG_HEAD',
  'branches',
  'config',
  'description',
  'hooks',
  'index',
  'info',
  'logs',
  'objects',
  'refs' ]
2018-08-07T23:37:36.919Z Directory_Information:Directory_Information:directory_information.js:Directory_Information:debug: returned: 0,[object Object],[object Object],[object Object],[object Object],[object Object],[object Object],[object Object],[object Object],[object Object],[object Object],[object Object],[object Object],[object Object]
2018-08-07T23:37:36.919Z Directory_Information:Directory_Information:directory_information.js:Directory_Information:debug: received: [object Arguments]
2018-08-07T23:37:36.919Z Directory_Information:Directory_Information:directory_information.js:Directory_Information:debug: readdir_return: |[ 'COMMIT_EDITMSG',
  'FETCH_HEAD',
  'HEAD',
  'ORIG_HEAD',
  'branches',
  'config',
  'description',
  'hooks',
  'index',
  'info',
  'logs',
  'objects',
  'refs' ]
2018-08-07T23:37:36.920Z Directory_Information:Directory_Information:directory_information.js:Directory_Information:debug: returned: 0,[object Object],[object Object],[object Object],[object Object],[object Object],[object Object],[object Object],[object Object],[object Object],[object Object],[object Object],[object Object],[object Object]
2018-08-07T23:37:36.920Z Directory_Information:Directory_Information:directory_information.js:Directory_Information:debug: received: [object Arguments]
2018-08-07T23:37:36.921Z Directory_Information:Directory_Information:directory_information.js:Directory_Information:debug: readdir_return: |[ 'COMMIT_EDITMSG',
  'FETCH_HEAD',
  'HEAD',
  'ORIG_HEAD',
  'branches',
  'config',
  'description',
  'hooks',
  'index',
  'info',
  'logs',
  'objects',
  'refs' ]
2018-08-07T23:37:36.922Z Directory_Information:Directory_Information:directory_information.js:Directory_Information:debug: returned: 0,[object Object],[object Object],[object Object],[object Object],[object Object],[object Object],[object Object],[object Object],[object Object],[object Object],[object Object],[object Object],[object Object]
2018-08-07T23:37:36.922Z Directory_Information:Directory_Information:directory_information.js:Directory_Information:debug: received: [object Arguments]
2018-08-07T23:37:36.922Z Directory_Information:Directory_Information:directory_information.js:Directory_Information:debug: readdir_return: |[ 'COMMIT_EDITMSG',
  'FETCH_HEAD',
  'HEAD',
  'ORIG_HEAD',
  'branches',
  'config',
  'description',
  'hooks',
  'index',
  'info',
  'logs',
  'objects',
  'refs' ]
2018-08-07T23:37:36.924Z Directory_Information:Directory_Information:directory_information.js:Directory_Information:debug: returned: 0,[object Object],[object Object],[object Object],[object Object],[object Object],[object Object],[object Object],[object Object],[object Object],[object Object],[object Object],[object Object],[object Object]
2018-08-07T23:37:36.924Z Directory_Information:Directory_Information:directory_information.js:Directory_Information:debug: received: [object Arguments]
2018-08-07T23:37:36.924Z Directory_Information:Directory_Information:directory_information.js:Directory_Information:debug: readdir_return: |[ 'COMMIT_EDITMSG',
  'FETCH_HEAD',
  'HEAD',
  'ORIG_HEAD',
  'branches',
  'config',
  'description',
  'hooks',
  'index',
  'info',
  'logs',
  'objects',
  'refs' ]
2018-08-07T23:37:36.925Z Directory_Information:Directory_Information:directory_information.js:Directory_Information:debug: returned: 0,[object Object],[object Object],[object Object],[object Object],[object Object],[object Object],[object Object],[object Object],[object Object],[object Object],[object Object],[object Object],[object Object]
2018-08-07T23:37:36.925Z Directory_Information:Directory_Information:directory_information.js:Directory_Information:debug: received: [object Arguments]
2018-08-07T23:37:36.925Z Directory_Information:Directory_Information:directory_information.js:Directory_Information:debug: readdir_return: |[ 'COMMIT_EDITMSG',
  'FETCH_HEAD',
  'HEAD',
  'ORIG_HEAD',
  'branches',
  'config',
  'description',
  'hooks',
  'index',
  'info',
  'logs',
  'objects',
  'refs' ]
2018-08-07T23:37:36.927Z Directory_Information:Directory_Information:directory_information.js:Directory_Information:debug: returned: 0,[object Object],[object Object],[object Object],[object Object],[object Object],[object Object],[object Object],[object Object],[object Object],[object Object],[object Object],[object Object],[object Object]
2018-08-07T23:37:36.927Z Directory_Information:Directory_Information:directory_information.js:Directory_Information:debug: received: [object Arguments]
2018-08-07T23:37:36.927Z Directory_Information:Directory_Information:directory_information.js:Directory_Information:debug: readdir_return: |[ 'COMMIT_EDITMSG',
  'FETCH_HEAD',
  'HEAD',
  'ORIG_HEAD',
  'branches',
  'config',
  'description',
  'hooks',
  'index',
  'info',
  'logs',
  'objects',
  'refs' ]
2018-08-07T23:37:36.930Z Directory_Information:Directory_Information:directory_information.js:Directory_Information:debug: returned: 0,[object Object],[object Object],[object Object],[object Object],[object Object],[object Object],[object Object],[object Object],[object Object],[object Object],[object Object],[object Object],[object Object]
2018-08-07T23:37:36.930Z Directory_Information:Directory_Information:directory_information.js:Directory_Information:debug: received: [object Arguments]
2018-08-07T23:37:36.930Z Directory_Information:Directory_Information:directory_information.js:Directory_Information:debug: readdir_return: |[ 'COMMIT_EDITMSG',
  'FETCH_HEAD',
  'HEAD',
  'ORIG_HEAD',
  'branches',
  'config',
  'description',
  'hooks',
  'index',
  'info',
  'logs',
  'objects',
  'refs' ]
2018-08-07T23:37:36.931Z Directory_Information:Directory_Information:directory_information.js:Directory_Information:debug: returned: 0,[object Object],[object Object],[object Object],[object Object],[object Object],[object Object],[object Object],[object Object],[object Object],[object Object],[object Object],[object Object],[object Object]
2018-08-07T23:37:36.931Z Directory_Information:Directory_Information:directory_information.js:Directory_Information:debug: received: [object Arguments]
2018-08-07T23:37:36.932Z Directory_Information:Directory_Information:directory_information.js:Directory_Information:debug: readdir_return: |[ 'COMMIT_EDITMSG',
  'FETCH_HEAD',
  'HEAD',
  'ORIG_HEAD',
  'branches',
  'config',
  'description',
  'hooks',
  'index',
  'info',
  'logs',
  'objects',
  'refs' ]
2018-08-07T23:37:36.933Z Directory_Information:Directory_Information:directory_information.js:Directory_Information:debug: returned: 0,[object Object],[object Object],[object Object],[object Object],[object Object],[object Object],[object Object],[object Object],[object Object],[object Object],[object Object],[object Object],[object Object]
2018-08-07T23:37:36.933Z Directory_Information:Directory_Information:directory_information.js:Directory_Information:debug: received: [object Arguments]
2018-08-07T23:37:36.933Z Directory_Information:Directory_Information:directory_information.js:Directory_Information:debug: readdir_return: |[ 'COMMIT_EDITMSG',
  'FETCH_HEAD',
  'HEAD',
  'ORIG_HEAD',
  'branches',
  'config',
  'description',
  'hooks',
  'index',
  'info',
  'logs',
  'objects',
  'refs' ]
2018-08-07T23:37:36.934Z Directory_Information:Directory_Information:directory_information.js:Directory_Information:debug: returned: 0,[object Object],[object Object],[object Object],[object Object],[object Object],[object Object],[object Object],[object Object],[object Object],[object Object],[object Object],[object Object],[object Object]
2018-08-07T23:37:36.934Z Directory_Information:Directory_Information:directory_information.js:Directory_Information:debug: received: [object Arguments]
2018-08-07T23:37:36.934Z Directory_Information:Directory_Information:directory_information.js:Directory_Information:debug: readdir_return: |[ 'COMMIT_EDITMSG',
  'FETCH_HEAD',
  'HEAD',
  'ORIG_HEAD',
  'branches',
  'config',
  'description',
  'hooks',
  'index',
  'info',
  'logs',
  'objects',
  'refs' ]
2018-08-07T23:37:36.936Z Directory_Information:Directory_Information:directory_information.js:Directory_Information:debug: returned: 0,[object Object],[object Object],[object Object],[object Object],[object Object],[object Object],[object Object],[object Object],[object Object],[object Object],[object Object],[object Object],[object Object]
2018-08-07T23:37:36.936Z Directory_Information:Directory_Information:directory_information.js:Directory_Information:debug: received: [object Arguments]
2018-08-07T23:37:36.936Z Directory_Information:Directory_Information:directory_information.js:Directory_Information:debug: readdir_return: |[ 'COMMIT_EDITMSG',
  'FETCH_HEAD',
  'HEAD',
  'ORIG_HEAD',
  'branches',
  'config',
  'description',
  'hooks',
  'index',
  'info',
  'logs',
  'objects',
  'refs' ]
2018-08-07T23:37:36.937Z Directory_Information:Directory_Information:directory_information.js:Directory_Information:debug: returned: 0,[object Object],[object Object],[object Object],[object Object],[object Object],[object Object],[object Object],[object Object],[object Object],[object Object],[object Object],[object Object],[object Object]
2018-08-07T23:37:36.937Z Directory_Information:Directory_Information:directory_information.js:Directory_Information:debug: received: [object Arguments]
2018-08-07T23:37:36.937Z Directory_Information:Directory_Information:directory_information.js:Directory_Information:debug: readdir_return: |[ 'COMMIT_EDITMSG',
  'FETCH_HEAD',
  'HEAD',
  'ORIG_HEAD',
  'branches',
  'config',
  'description',
  'hooks',
  'index',
  'info',
  'logs',
  'objects',
  'refs' ]
2018-08-07T23:37:36.939Z Directory_Information:Directory_Information:directory_information.js:Directory_Information:debug: returned: 0,[object Object],[object Object],[object Object],[object Object],[object Object],[object Object],[object Object],[object Object],[object Object],[object Object],[object Object],[object Object],[object Object]
2018-08-07T23:37:36.939Z Directory_Information:Directory_Information:directory_information.js:Directory_Information:debug: returned: 0,[object Object],[object Object],[object Object],[object Object],[object Object],[object Object],[object Object],[object Object],[object Object],[object Object],[object Object],[object Object],[object Object],[object Object]
